Solution for 'AFIRO     '
Variables:
 #   Label         Value       Reduced Cost    Lower Bound    Upper Bound
  0  X01        8.0000000e+01   9.9555984e-15   0.0000000e+00  Infinity
  1  X02        2.5500000e+01   8.7939556e-14   0.0000000e+00  Infinity
  2  X03        5.4500000e+01   4.2834797e-14   0.0000000e+00  Infinity
  3  X04        8.4800000e+01   9.4164606e-15   0.0000000e+00  Infinity
  4  X06        6.0742505e+01   2.5128539e-14   0.0000000e+00  Infinity
  5  X07        7.4727734e-12   1.1979842e+00   0.0000000e+00  Infinity
  6  X08        7.3698452e-12   1.2022836e+00   0.0000000e+00  Infinity
  7  X09        7.2681995e-12   1.2088287e+00   0.0000000e+00  Infinity
  8  X10        4.7139620e-12   2.1770203e+00   0.0000000e+00  Infinity
  9  X11        1.5536467e-11   9.9929594e-01   0.0000000e+00  Infinity
 10  X12        1.5335918e-11   1.0152565e+00   0.0000000e+00  Infinity
 11  X13        1.5134100e-11   1.0280504e+00   0.0000000e+00  Infinity
 12  X14        1.8214286e+01   2.7102095e-13   0.0000000e+00  Infinity
 13  X15        4.2528219e+01   1.1577919e-13   0.0000000e+00  Infinity
 14  X16        6.4387055e+01   2.1769771e-14   0.0000000e+00  Infinity
 15  X22        5.0000000e+02   4.2377820e-15   0.0000000e+00  Infinity
 16  X23        4.7592000e+02   5.2035240e-15   0.0000000e+00  Infinity
 17  X24        2.4080000e+01   1.8318497e-14   0.0000000e+00  Infinity
 18  X25        2.6140951e-10   2.1951784e-02   0.0000000e+00  Infinity
 19  X26        2.1500000e+02   9.7194554e-15   0.0000000e+00  Infinity
 20  X28        1.5886628e+02   2.6808484e-14   0.0000000e+00  Infinity
 21  X29        8.5639179e-12   1.1643643e+00   0.0000000e+00  Infinity
 22  X30        8.3328476e-12   1.1761382e+00   0.0000000e+00  Infinity
 23  X31        8.1616501e-12   1.1866196e+00   0.0000000e+00  Infinity
 24  X32        5.3352446e-12   2.0177036e+00   0.0000000e+00  Infinity
 25  X33        1.6789885e-11   8.7912467e-01   0.0000000e+00  Infinity
 26  X34        1.6401378e-11   8.9497796e-01   0.0000000e+00  Infinity
 27  X35        1.6099312e-11   9.1212375e-01   0.0000000e+00  Infinity
 28  X36        3.3994286e+02   7.1387803e-15   0.0000000e+00  Infinity
 29  X37        2.2507658e+02   8.0794149e-15   0.0000000e+00  Infinity
 30  X38        6.8312500e+01   6.0518562e-14   0.0000000e+00  Infinity
 31  X39        1.0183441e-12   1.0000000e+01   0.0000000e+00  Infinity

Constraints:
 #   Label  Type    Activity        RHS          Dual       Lower Bound  Upper Bound
  0 R09      E  1.5631940e-13  0.000000e+00 -6.285714e-01  0.000000e+00  0.000000e+00
  1 R10      E  4.2632564e-14  0.000000e+00  4.798749e-13  0.000000e+00  0.000000e+00
  2 X05      L  8.0000000e+01  8.000000e+01 -3.447714e-01  -INFINITY     8.000000e+01
  3 X21      L -1.9504398e-12  0.000000e+00 -2.285714e-01  -INFINITY     0.000000e+00
  4 R12      E  2.1316282e-14  0.000000e+00 -3.584758e-13  0.000000e+00  0.000000e+00
  5 R13      E  1.4210855e-14  0.000000e+00 -1.085887e-14  0.000000e+00  0.000000e+00
  6 X17      L  6.0742505e+01  8.000000e+01 -3.923437e-13  -INFINITY     8.000000e+01
  7 X18      L -8.0636937e-12  0.000000e+00 -1.197984e+00  -INFINITY     0.000000e+00
  8 X19      L -7.9660731e-12  0.000000e+00 -1.202284e+00  -INFINITY     0.000000e+00
  9 X20      L -7.8659006e-12  0.000000e+00 -1.208829e+00  -INFINITY     0.000000e+00
 10 R19      E -1.1289242e-12  0.000000e+00 -9.428571e-01  0.000000e+00  0.000000e+00
 11 R20      E -2.5579538e-13  0.000000e+00  4.795719e-13  0.000000e+00  0.000000e+00
 12 X27      L  5.0000000e+02  5.000000e+02 -8.743429e-01  -INFINITY     5.000000e+02
 13 X44      L -3.1548097e-11  0.000000e+00 -3.428571e-01  -INFINITY     0.000000e+00
 14 R22      E -1.4210855e-14  0.000000e+00 -4.960767e-14  0.000000e+00  0.000000e+00
 15 R23      E  4.4000000e+01  4.400000e+01 -1.728534e-14  4.400000e+01  4.400000e+01
 16 X40      L  1.5886628e+02  5.000000e+02 -4.400509e-15  -INFINITY     5.000000e+02
 17 X41      L -8.2259669e-12  0.000000e+00 -1.164364e+00  -INFINITY     0.000000e+00
 18 X42      L -8.0685304e-12  0.000000e+00 -1.176138e+00  -INFINITY     0.000000e+00
 19 X43      L -7.9376616e-12  0.000000e+00 -1.186620e+00  -INFINITY     0.000000e+00
 20 X45      L -1.6982769e-11  0.000000e+00 -9.209054e-01  -INFINITY     0.000000e+00
 21 X46      L -7.7520212e-12  0.000000e+00 -6.285714e-01  -INFINITY     0.000000e+00
 22 X47      L -2.5211795e+01  0.000000e+00 -2.426966e-13  -INFINITY     0.000000e+00
 23 X48      L -1.1013412e-11  0.000000e+00 -9.428571e-01  -INFINITY     0.000000e+00
 24 X49      L -2.0679308e+02  0.000000e+00 -9.205927e-15  -INFINITY     0.000000e+00
 25 X50      L  2.9980000e+02  3.100000e+02 -4.892913e-13  -INFINITY     3.100000e+02
 26 X51      L  1.3269956e+02  3.000000e+02 -1.091090e-14  -INFINITY     3.000000e+02
